<?xml version="1.0" encoding="UTF-8"?>
<!-- Generated by org.testng.reporters.JUnitXMLReporter -->
<testsuite ignored="0" hostname="AEADLT15708" failures="1" tests="3" name="Surefire test" time="52.331" errors="0" timestamp="2024-09-23T15:22:01 GST">
  <testcase classname="DivyaJain.SeleniumFrameworkDesign.tests.StandAloneTest" name="StandAloneTest" time="18.913"/>
  <testcase classname="DivyaJain.SeleniumFrameworkDesign.tests.StandAloneTest" name="StandAloneTest" time="18.269"/>
  <testcase classname="DivyaJain.SeleniumFrameworkDesign.tests.StandAloneTest" name="orderpage" time="0.002">
    <failure type="org.testng.internal.reflect.MethodMatcherException" message="
[public void DivyaJain.SeleniumFrameworkDesign.tests.StandAloneTest.orderpage(java.lang.String)] has no parameters defined but was found to be using a data provider (either explicitly specified or inherited from class level annotation).
Data provider mismatch
Method: orderpage([java.lang.String arg0])
Arguments: [(java.util.HashMap) {item=ZARA COAT 3, Username=divya1707@gmail.com, Password=Anaisha@123}]">
      <![CDATA[org.testng.internal.reflect.MethodMatcherException: 
[public void DivyaJain.SeleniumFrameworkDesign.tests.StandAloneTest.orderpage(java.lang.String)] has no parameters defined but was found to be using a data provider (either explicitly specified or inherited from class level annotation).
Data provider mismatch
Method: orderpage([java.lang.String arg0])
Arguments: [(java.util.HashMap) {item=ZARA COAT 3, Username=divya1707@gmail.com, Password=Anaisha@123}]
at java.base/java.util.ArrayList.forEach(ArrayList.java:1597)
... Removed 27 stack frames]]>
    </failure>
  </testcase> <!-- orderpage -->
</testsuite> <!-- Surefire test -->
